<?xml version="1.0" encoding="UTF-8"?>
<!-- Generated by org.testng.reporters.JUnitReportReporter -->
<testsuite hostname="Thirosh" failures="0" tests="5" name="dataproviding.UserTest_MultipleRealData" time="0.012" errors="0" timestamp="2024-02-19T12:37:47 IST" skipped="0">
  <testcase classname="dataproviding.UserTest_MultipleRealData" name="newCreateUser" time="0.001"/>
  <testcase classname="dataproviding.UserTest_MultipleRealData" name="newCreateUser" time="0.007"/>
  <testcase classname="dataproviding.UserTest_MultipleRealData" name="newCreateUser" time="0.001"/>
  <testcase classname="dataproviding.UserTest_MultipleRealData" name="newCreateUser" time="0.002"/>
  <testcase classname="dataproviding.UserTest_MultipleRealData" name="newCreateUser" time="0.001"/>
</testsuite> <!-- dataproviding.UserTest_MultipleRealData -->
