<?xml version="1.0" encoding="UTF-8"?>
<!-- Generated by org.testng.reporters.JUnitReportReporter -->
<testsuite hostname="Thirosh" failures="0" tests="3" name="k_pack.TestDataProvider" time="0.009" errors="0" timestamp="2024-02-19T12:27:17 IST" skipped="0">
  <testcase classname="k_pack.TestDataProvider" name="testData" time="0.001"/>
  <testcase classname="k_pack.TestDataProvider" name="testData" time="0.006"/>
  <testcase classname="k_pack.TestDataProvider" name="testData" time="0.002"/>
</testsuite> <!-- k_pack.TestDataProvider -->
