<?xml version="1.0" encoding="UTF-8"?>
<!-- Generated by org.testng.reporters.JUnitReportReporter -->
<testsuite hostname="Thirosh" failures="0" tests="11" name="dataproviding.TestPractise" time="0.018" errors="0" timestamp="2024-02-19T14:08:17 IST" skipped="0">
  <testcase classname="dataproviding.TestPractise" name="SingleTestDataMethod1" time="0.006"/>
  <testcase classname="dataproviding.TestPractise" name="SingleTestDataMethod1" time="0.001"/>
  <testcase classname="dataproviding.TestPractise" name="SingleTestDataMethod1" time="0.001"/>
  <testcase classname="dataproviding.TestPractise" name="SingleTestDataMethod2" time="0.002"/>
  <testcase classname="dataproviding.TestPractise" name="SingleTestDataMethod2" time="0.002"/>
  <testcase classname="dataproviding.TestPractise" name="SingleTestDataMethod2" time="0.001"/>
  <testcase classname="dataproviding.TestPractise" name="SingleTestDataMethod2" time="0.001"/>
  <testcase classname="dataproviding.TestPractise" name="SingleTestDataMethod2" time="0.001"/>
  <testcase classname="dataproviding.TestPractise" name="MultipleTestData" time="0.001"/>
  <testcase classname="dataproviding.TestPractise" name="MultipleTestData" time="0.001"/>
  <testcase classname="dataproviding.TestPractise" name="MultipleTestData" time="0.001"/>
</testsuite> <!-- dataproviding.TestPractise -->
