<?xml version="1.0" encoding="UTF-8"?>
<!-- Generated by org.testng.reporters.JUnitReportReporter -->
<testsuite hostname="Thirosh" failures="0" tests="6" name="dataproviding.TestDataProvider" time="0.015" errors="0" timestamp="2024-02-19T12:54:01 IST" skipped="0">
  <testcase classname="dataproviding.TestDataProvider" name="testData" time="0.002"/>
  <testcase classname="dataproviding.TestDataProvider" name="testData" time="0.001"/>
  <testcase classname="dataproviding.TestDataProvider" name="testData" time="0.001"/>
  <testcase classname="dataproviding.TestDataProvider" name="testData" time="0.008"/>
  <testcase classname="dataproviding.TestDataProvider" name="testData" time="0.001"/>
  <testcase classname="dataproviding.TestDataProvider" name="testData" time="0.002"/>
</testsuite> <!-- dataproviding.TestDataProvider -->
