<?xml version="1.0" encoding="UTF-8"?>
<!-- Generated by org.testng.reporters.JUnitReportReporter -->
<testsuite hostname="Thirosh" failures="0" tests="5" name="dataproviding.UserTest_SingleRealData" time="0.010" errors="0" timestamp="2024-02-19T12:43:05 IST" skipped="0">
  <testcase classname="dataproviding.UserTest_SingleRealData" name="newCreateUser" time="0.001"/>
  <testcase classname="dataproviding.UserTest_SingleRealData" name="newCreateUser" time="0.006"/>
  <testcase classname="dataproviding.UserTest_SingleRealData" name="newCreateUser" time="0.001"/>
  <testcase classname="dataproviding.UserTest_SingleRealData" name="newCreateUser" time="0.001"/>
  <testcase classname="dataproviding.UserTest_SingleRealData" name="newCreateUser" time="0.001"/>
</testsuite> <!-- dataproviding.UserTest_SingleRealData -->
